This is pdfTeX, Version 3.1415926-2.5-1.40.14 (TeX Live 2013/Debian) (format=pdflatex 2016.2.23)  2 MAR 2016 08:58
entering extended mode
 restricted \write18 enabled.
 %&-line parsing enabled.
**page_garde.tex
(./page_garde.tex
LaTeX2e <2011/06/27>
Babel <3.9h> and hyphenation patterns for 6 languages loaded.

! LaTeX Error: Environment titlepage undefined.

See the LaTeX manual or LaTeX Companion for explanation.
Type  H <return>  for immediate help.
 ...                                              
                                                  
l.1 \begin{titlepage}
                     
Your command was ignored.
Type  I <command> <return>  to replace it with another command,
or  <return>  to continue without it.


! LaTeX Error: Environment figure undefined.

See the LaTeX manual or LaTeX Companion for explanation.
Type  H <return>  for immediate help.
 ...                                              
                                                  
l.2 \begin {figure}
                   [htbp]
Your command was ignored.
Type  I <command> <return>  to replace it with another command,
or  <return>  to continue without it.


! LaTeX Error: Missing \begin{document}.

See the LaTeX manual or LaTeX Companion for explanation.
Type  H <return>  for immediate help.
 ...                                              
                                                  
l.2 \begin {figure}[
                    htbp]
You're in trouble here.  Try typing  <return>  to proceed.
If that doesn't work, type  X <return>  to quit.

Missing character: There is no [ in font nullfont!
Missing character: There is no h in font nullfont!
Missing character: There is no t in font nullfont!
Missing character: There is no b in font nullfont!
Missing character: There is no p in font nullfont!
Missing character: There is no ] in font nullfont!
! Undefined control sequence.
l.4      \includegraphics
                         [width=40px]{logo.png}
The control sequence at the end of the top line
of your error message was never \def'ed. If you have
misspelled it (e.g., `\hobx'), type `I' and the correct
spelling (e.g., `I\hbox'). Otherwise just continue,
and I'll forget about whatever was undefined.

Missing character: There is no [ in font nullfont!
Missing character: There is no w in font nullfont!
Missing character: There is no i in font nullfont!
Missing character: There is no d in font nullfont!
Missing character: There is no t in font nullfont!
Missing character: There is no h in font nullfont!
Missing character: There is no = in font nullfont!
Missing character: There is no 4 in font nullfont!
Missing character: There is no 0 in font nullfont!
Missing character: There is no p in font nullfont!
Missing character: There is no x in font nullfont!
Missing character: There is no ] in font nullfont!
Missing character: There is no l in font nullfont!
Missing character: There is no o in font nullfont!
Missing character: There is no g in font nullfont!
Missing character: There is no o in font nullfont!
Missing character: There is no . in font nullfont!
Missing character: There is no p in font nullfont!
Missing character: There is no n in font nullfont!
Missing character: There is no g in font nullfont!
! Undefined control sequence.
l.6      \includegraphics
                         [width=40px]{logo.png}
The control sequence at the end of the top line
of your error message was never \def'ed. If you have
misspelled it (e.g., `\hobx'), type `I' and the correct
spelling (e.g., `I\hbox'). Otherwise just continue,
and I'll forget about whatever was undefined.

Missing character: There is no [ in font nullfont!
Missing character: There is no w in font nullfont!
Missing character: There is no i in font nullfont!
Missing character: There is no d in font nullfont!
Missing character: There is no t in font nullfont!
Missing character: There is no h in font nullfont!
Missing character: There is no = in font nullfont!
Missing character: There is no 4 in font nullfont!
Missing character: There is no 0 in font nullfont!
Missing character: There is no p in font nullfont!
Missing character: There is no x in font nullfont!
Missing character: There is no ] in font nullfont!
Missing character: There is no l in font nullfont!
Missing character: There is no o in font nullfont!
Missing character: There is no g in font nullfont!
Missing character: There is no o in font nullfont!
Missing character: There is no . in font nullfont!
Missing character: There is no p in font nullfont!
Missing character: There is no n in font nullfont!
Missing character: There is no g in font nullfont!

! LaTeX Error: \begin{document} ended by \end{figure}.

See the LaTeX manual or LaTeX Companion for explanation.
Type  H <return>  for immediate help.
 ...                                              
                                                  
l.8 \end {figure}
                 
Your command was ignored.
Type  I <command> <return>  to replace it with another command,
or  <return>  to continue without it.


Overfull \hbox (20.0pt too wide) in paragraph at lines 2--10
[]
 []


Overfull \hbox (341.43306pt too wide) in paragraph at lines 2--10
[]
 []

! Undefined control sequence.
l.12 {\bf
          R\'{e}publique Alg\'{e}rienne D\'emocratique et Populaire\\
The control sequence at the end of the top line
of your error message was never \def'ed. If you have
misspelled it (e.g., `\hobx'), type `I' and the correct
spelling (e.g., `I\hbox'). Otherwise just continue,
and I'll forget about whatever was undefined.

Missing character: There is no R in font nullfont!
LaTeX Font Info:    Try loading font information for +cmr on input line 12.
LaTeX Font Info:    No file cmr.fd. on input line 12.

LaTeX Font Warning: Font shape `/cmr/m/n' undefined
(Font)              using `/cmr/m/n' instead on input line 12.

! Corrupted NFSS tables.
wrong@fontshape ...message {Corrupted NFSS tables}
                                                  error@fontshape else let f...
l.12 {\bf R\'{e}
                publique Alg\'{e}rienne D\'emocratique et Populaire\\
This error message was generated by an \errmessage
command, so I can't give any explicit help.
Pretend that you're Hercule Poirot: Examine all clues,
and deduce the truth by order and method.


LaTeX Font Warning: Font shape `/cmr/m/n' undefined
(Font)              using `OT1/cmr/m/n' instead on input line 12.

Missing character: There is no p in font nullfont!
Missing character: There is no u in font nullfont!
Missing character: There is no b in font nullfont!
Missing character: There is no l in font nullfont!
Missing character: There is no i in font nullfont!
Missing character: There is no q in font nullfont!
Missing character: There is no u in font nullfont!
Missing character: There is no e in font nullfont!
Missing character: There is no A in font nullfont!
Missing character: There is no l in font nullfont!
Missing character: There is no g in font nullfont!
Missing character: There is no r in font nullfont!
Missing character: There is no i in font nullfont!
Missing character: There is no e in font nullfont!
Missing character: There is no n in font nullfont!
Missing character: There is no n in font nullfont!
Missing character: There is no e in font nullfont!
Missing character: There is no D in font nullfont!
Missing character: There is no m in font nullfont!
Missing character: There is no o in font nullfont!
Missing character: There is no c in font nullfont!
Missing character: There is no r in font nullfont!
Missing character: There is no a in font nullfont!
Missing character: There is no t in font nullfont!
Missing character: There is no i in font nullfont!
Missing character: There is no q in font nullfont!
Missing character: There is no u in font nullfont!
Missing character: There is no e in font nullfont!
Missing character: There is no e in font nullfont!
Missing character: There is no t in font nullfont!
Missing character: There is no P in font nullfont!
Missing character: There is no o in font nullfont!
Missing character: There is no p in font nullfont!
Missing character: There is no u in font nullfont!
Missing character: There is no l in font nullfont!
Missing character: There is no a in font nullfont!
Missing character: There is no i in font nullfont!
Missing character: There is no r in font nullfont!
Missing character: There is no e in font nullfont!

Overfull \hbox (9.44446pt too wide) in paragraph at lines 12--12
 \/cmr/m/n/10 ^^Se 
 []


Overfull \hbox (4.44444pt too wide) in paragraph at lines 12--12
 \/cmr/m/n/10 ^^Se 
 []


Overfull \hbox (4.44444pt too wide) in paragraph at lines 12--12
 \/cmr/m/n/10 ^^Se 
 []

Missing character: There is no M in font nullfont!
Missing character: There is no i in font nullfont!
Missing character: There is no n in font nullfont!
Missing character: There is no i in font nullfont!
Missing character: There is no s in font nullfont!
Missing character: There is no t in font nullfont!
Missing character: There is no r in font nullfont!
Missing character: There is no e in font nullfont!
Missing character: There is no d in font nullfont!
Missing character: There is no e in font nullfont!
Missing character: There is no l in font nullfont!
Missing character: There is no ' in font nullfont!
Missing character: There is no E in font nullfont!
Missing character: There is no n in font nullfont!
Missing character: There is no s in font nullfont!
Missing character: There is no e in font nullfont!
Missing character: There is no i in font nullfont!
Missing character: There is no g in font nullfont!
Missing character: There is no n in font nullfont!
Missing character: There is no e in font nullfont!
Missing character: There is no m in font nullfont!
Missing character: There is no e in font nullfont!
Missing character: There is no n in font nullfont!
Missing character: There is no t in font nullfont!
Missing character: There is no S in font nullfont!
Missing character: There is no u in font nullfont!
Missing character: There is no p in font nullfont!
Missing character: There is no r in font nullfont!
Missing character: There is no i in font nullfont!
Missing character: There is no e in font nullfont!
Missing character: There is no u in font nullfont!
Missing character: There is no r in font nullfont!
Missing character: There is no e in font nullfont!
Missing character: There is no t in font nullfont!
Missing character: There is no d in font nullfont!
Missing character: There is no e in font nullfont!
Missing character: There is no l in font nullfont!
Missing character: There is no a in font nullfont!
Missing character: There is no R in font nullfont!
Missing character: There is no e in font nullfont!
Missing character: There is no c in font nullfont!
Missing character: There is no h in font nullfont!
Missing character: There is no e in font nullfont!
Missing character: There is no r in font nullfont!
Missing character: There is no c in font nullfont!
Missing character: There is no h in font nullfont!
Missing character: There is no e in font nullfont!
Missing character: There is no S in font nullfont!
Missing character: There is no c in font nullfont!
Missing character: There is no i in font nullfont!
Missing character: There is no e in font nullfont!
Missing character: There is no n in font nullfont!
Missing character: There is no t in font nullfont!
Missing character: There is no i in font nullfont!
Missing character: There is no f in font nullfont!
Missing character: There is no i in font nullfont!
Missing character: There is no q in font nullfont!
Missing character: There is no u in font nullfont!
Missing character: There is no e in font nullfont!

Overfull \hbox (4.44444pt too wide) in paragraph at lines 13--14
 []\/cmr/m/n/10 ^^Re 
 []


Overfull \hbox (4.44444pt too wide) in paragraph at lines 13--14
 \/cmr/m/n/10 ^^Se 
 []

! Undefined control sequence.
l.16 {\bf
          {\large Universit\'{e} AMO de Bouira}}\\
The control sequence at the end of the top line
of your error message was never \def'ed. If you have
misspelled it (e.g., `\hobx'), type `I' and the correct
spelling (e.g., `I\hbox'). Otherwise just continue,
and I'll forget about whatever was undefined.

! Undefined control sequence.
l.16 {\bf {\large
                  Universit\'{e} AMO de Bouira}}\\
The control sequence at the end of the top line
of your error message was never \def'ed. If you have
misspelled it (e.g., `\hobx'), type `I' and the correct
spelling (e.g., `I\hbox'). Otherwise just continue,
and I'll forget about whatever was undefined.

Missing character: There is no U in font nullfont!
Missing character: There is no n in font nullfont!
Missing character: There is no i in font nullfont!
Missing character: There is no v in font nullfont!
Missing character: There is no e in font nullfont!
Missing character: There is no r in font nullfont!
Missing character: There is no s in font nullfont!
Missing character: There is no i in font nullfont!
Missing character: There is no t in font nullfont!
Missing character: There is no A in font nullfont!
Missing character: There is no M in font nullfont!
Missing character: There is no O in font nullfont!
Missing character: There is no d in font nullfont!
Missing character: There is no e in font nullfont!
Missing character: There is no B in font nullfont!
Missing character: There is no o in font nullfont!
Missing character: There is no u in font nullfont!
Missing character: There is no i in font nullfont!
Missing character: There is no r in font nullfont!
Missing character: There is no a in font nullfont!

Overfull \hbox (4.44444pt too wide) in paragraph at lines 16--16
 []\/cmr/m/n/10 ^^Se 
 []

! Undefined control sequence.
l.18 {\bf
          Facult\'{e} des Sciences et des Sciences Appliqu√©es} \\
The control sequence at the end of the top line
of your error message was never \def'ed. If you have
misspelled it (e.g., `\hobx'), type `I' and the correct
spelling (e.g., `I\hbox'). Otherwise just continue,
and I'll forget about whatever was undefined.

Missing character: There is no F in font nullfont!
Missing character: There is no a in font nullfont!
Missing character: There is no c in font nullfont!
Missing character: There is no u in font nullfont!
Missing character: There is no l in font nullfont!
Missing character: There is no t in font nullfont!
Missing character: There is no d in font nullfont!
Missing character: There is no e in font nullfont!
Missing character: There is no s in font nullfont!
Missing character: There is no S in font nullfont!
Missing character: There is no c in font nullfont!
Missing character: There is no i in font nullfont!
Missing character: There is no e in font nullfont!
Missing character: There is no n in font nullfont!
Missing character: There is no c in font nullfont!
Missing character: There is no e in font nullfont!
Missing character: There is no s in font nullfont!
Missing character: There is no e in font nullfont!
Missing character: There is no t in font nullfont!
Missing character: There is no d in font nullfont!
Missing character: There is no e in font nullfont!
Missing character: There is no s in font nullfont!
Missing character: There is no S in font nullfont!
Missing character: There is no c in font nullfont!
Missing character: There is no i in font nullfont!
Missing character: There is no e in font nullfont!
Missing character: There is no n in font nullfont!
Missing character: There is no c in font nullfont!
Missing character: There is no e in font nullfont!
Missing character: There is no s in font nullfont!
Missing character: There is no A in font nullfont!
Missing character: There is no p in font nullfont!
Missing character: There is no p in font nullfont!
Missing character: There is no l in font nullfont!
Missing character: There is no i in font nullfont!
Missing character: There is no q in font nullfont!
Missing character: There is no u in font nullfont!
Missing character: There is no √ in font nullfont!
Missing character: There is no © in font nullfont!
Missing character: There is no e in font nullfont!
Missing character: There is no s in font nullfont!

Overfull \hbox (4.44444pt too wide) in paragraph at lines 18--18
 []\/cmr/m/n/10 ^^Se 
 []


Overfull \hbox (65.9441pt too wide) in paragraph at lines 20--20
 []\OT1/cmr/bx/n/10 D^^Separtement 
 []


Overfull \hbox (74.90237pt too wide) in paragraph at lines 20--20
 \OT1/cmr/bx/n/10 d'Informatique 
 []

! Undefined control sequence.
l.22 \Huge
          {\textbf{M√©moire de Licence \\ en Informatique}} \\\vspace{0.3cm}
The control sequence at the end of the top line
of your error message was never \def'ed. If you have
misspelled it (e.g., `\hobx'), type `I' and the correct
spelling (e.g., `I\hbox'). Otherwise just continue,
and I'll forget about whatever was undefined.

Missing character: There is no √ in font cmbx10!
Missing character: There is no © in font cmbx10!

Overfull \hbox (39.4512pt too wide) in paragraph at lines 22--22
 []\OT1/cmr/bx/n/10 Mmoire 
 []


Overfull \hbox (11.65967pt too wide) in paragraph at lines 22--22
 \OT1/cmr/bx/n/10 de 
 []


Overfull \hbox (13.94437pt too wide) in paragraph at lines 22--22
 \OT1/cmr/bx/n/10 Li- 
 []


Overfull \hbox (27.15265pt too wide) in paragraph at lines 22--22
 \OT1/cmr/bx/n/10 cence 
 []


Overfull \hbox (11.65967pt too wide) in paragraph at lines 22--22
 []\OT1/cmr/bx/n/10 en 
 []


Overfull \hbox (14.58325pt too wide) in paragraph at lines 22--22
 \OT1/cmr/bx/n/10 In- 
 []


Overfull \hbox (17.83325pt too wide) in paragraph at lines 22--22
 \OT1/cmr/bx/n/10 for- 
 []


Overfull \hbox (19.00682pt too wide) in paragraph at lines 22--22
 \OT1/cmr/bx/n/10 ma- 
 []


Overfull \hbox (25.3957pt too wide) in paragraph at lines 22--22
 \OT1/cmr/bx/n/10 tique 
 []

! Undefined control sequence.
l.24 \large
           {\emph{\textbf{Sp√©cialit√©:} Syst√®mes Informatiques}}\\ \vspace...
The control sequence at the end of the top line
of your error message was never \def'ed. If you have
misspelled it (e.g., `\hobx'), type `I' and the correct
spelling (e.g., `I\hbox'). Otherwise just continue,
and I'll forget about whatever was undefined.

Missing character: There is no √ in font cmbxti10!
Missing character: There is no © in font cmbxti10!
Missing character: There is no √ in font cmbxti10!
Missing character: There is no © in font cmbxti10!
Missing character: There is no √ in font cmti10!
Missing character: There is no ® in font cmti10!

Overfull \hbox (41.12735pt too wide) in paragraph at lines 24--24
 []\OT1/cmr/bx/it/10 Spcialit: 
 []


Overfull \hbox (34.75533pt too wide) in paragraph at lines 24--24
 \OT1/cmr/m/it/10 Systmes 
 []


Overfull \hbox (13.05547pt too wide) in paragraph at lines 24--24
 \OT1/cmr/m/it/10 In- 
 []


Overfull \hbox (15.9721pt too wide) in paragraph at lines 24--24
 \OT1/cmr/m/it/10 for- 
 []


Overfull \hbox (16.86656pt too wide) in paragraph at lines 24--24
 \OT1/cmr/m/it/10 ma- 
 []


Overfull \hbox (25.86508pt too wide) in paragraph at lines 24--24
 \OT1/cmr/m/it/10 tiques 
 []

! Undefined control sequence.
l.25 \huge
          {\textbf{Th√®me}}\\ %\vspace{0.3cm}
The control sequence at the end of the top line
of your error message was never \def'ed. If you have
misspelled it (e.g., `\hobx'), type `I' and the correct
spelling (e.g., `I\hbox'). Otherwise just continue,
and I'll forget about whatever was undefined.

Missing character: There is no √ in font cmbx10!
Missing character: There is no ® in font cmbx10!

Overfull \hbox (29.2429pt too wide) in paragraph at lines 25--25
 []\OT1/cmr/bx/n/10 Thme 
 []

! Undefined control sequence.
l.27 \Large
           {\textbf{Titre de votre projet}}
The control sequence at the end of the top line
of your error message was never \def'ed. If you have
misspelled it (e.g., `\hobx'), type `I' and the correct
spelling (e.g., `I\hbox'). Otherwise just continue,
and I'll forget about whatever was undefined.


Overfull \hbox (8191.99998pt too wide) in paragraph at lines 26--29
 [] 
 []


Overfull \hbox (25.6735pt too wide) in paragraph at lines 26--29
 \OT1/cmr/bx/n/10 Titre 
 []


Overfull \hbox (11.65967pt too wide) in paragraph at lines 26--29
 \OT1/cmr/bx/n/10 de 
 []


Overfull \hbox (25.97905pt too wide) in paragraph at lines 26--29
 \OT1/cmr/bx/n/10 votre 
 []


Overfull \hbox (20.70824pt too wide) in paragraph at lines 26--29
 \OT1/cmr/bx/n/10 pro- 
 []


Overfull \hbox (13.25688pt too wide) in paragraph at lines 26--29
 \OT1/cmr/bx/n/10 jet 
 []


Overfull \hbox (8191.99998pt too wide) in paragraph at lines 26--29
 [] 
 []

Missing character: There is no √ in font cmbx10!
Missing character: There is no © in font cmbx10!
Missing character: There is no √ in font cmbx10!
Missing character: There is no © in font cmbx10!
Missing character: There is no √ in font cmbx10!
Missing character: There is no © in font cmbx10!

Overfull \hbox (35.77063pt too wide) in paragraph at lines 32--33
\OT1/cmr/bx/n/10 Encadr
 []


Overfull \hbox (16.71518pt too wide) in paragraph at lines 32--33
\OT1/cmr/bx/n/10 par
 []


Overfull \hbox (25.1401pt too wide) in paragraph at lines 32--33
\OT1/cmr/bx/n/10 Ralis
 []


Overfull \hbox (16.71518pt too wide) in paragraph at lines 32--33
\OT1/cmr/bx/n/10 par 
 []

Missing character: There is no M in font nullfont!
LaTeX Font Info:    External font `cmex10' loaded for size
(Font)              <7> on input line 34.
LaTeX Font Info:    External font `cmex10' loaded for size
(Font)              <5> on input line 34.
Missing character: There is no M in font nullfont!
Missing character: There is no a in font nullfont!
Missing character: There is no l in font nullfont!
Missing character: There is no i in font nullfont!
Missing character: There is no k in font nullfont!
Missing character: There is no a in font nullfont!
Missing character: There is no M in font nullfont!
Missing character: There is no N in font nullfont!
Missing character: There is no a in font nullfont!
Missing character: There is no b in font nullfont!
Missing character: There is no i in font nullfont!
Missing character: There is no l in font nullfont!
Missing character: There is no a in font nullfont!
Missing character: There is no M in font nullfont!
Missing character: There is no H in font nullfont!
Missing character: There is no a in font nullfont!
Missing character: There is no k in font nullfont!
Missing character: There is no i in font nullfont!
Missing character: There is no m in font nullfont!

Overfull \hbox (31.39023pt too wide) in paragraph at lines 34--36
[]$[]$
 []


Overfull \hbox (25.3526pt too wide) in paragraph at lines 34--36
\OT1/cmr/m/sc/10 Yaici
 []


Overfull \hbox (13.22714pt too wide) in paragraph at lines 34--36
[]$
 []


Overfull \hbox (42.4997pt too wide) in paragraph at lines 34--36
\OT1/cmr/m/sc/10 Meguel-
 []


Overfull \hbox (19.5332pt too wide) in paragraph at lines 34--36
\OT1/cmr/m/sc/10 lati 
 []


Overfull \hbox (17.8888pt too wide) in paragraph at lines 34--36
\OT1/cmr/bx/n/10 Co-
 []


Overfull \hbox (52.1664pt too wide) in paragraph at lines 34--36
\OT1/cmr/bx/n/10 Encadreur
 []


Overfull \hbox (4.42825pt too wide) in paragraph at lines 34--36
[]$
 []


Overfull \hbox (30.21927pt too wide) in paragraph at lines 34--36
\OT1/cmr/m/sc/10 Boud-
 []


Overfull \hbox (13.59991pt too wide) in paragraph at lines 34--36
\OT1/cmr/m/sc/10 je-
 []


Overfull \hbox (23.19992pt too wide) in paragraph at lines 34--36
\OT1/cmr/m/sc/10 laba
 []

Missing character: There is no M in font nullfont!
Missing character: There is no S in font nullfont!
Missing character: There is no o in font nullfont!
Missing character: There is no r in font nullfont!
Missing character: There is no a in font nullfont!
Missing character: There is no y in font nullfont!
Missing character: There is no a in font nullfont!

Overfull \hbox (33.22714pt too wide) in paragraph at lines 37--39
[]$[]$
 []


Overfull \hbox (44.18307pt too wide) in paragraph at lines 37--39
\OT1/cmr/m/sc/10 Tighidet
 []


! LaTeX Error: \begin{document} ended by \end{titlepage}.

See the LaTeX manual or LaTeX Companion for explanation.
Type  H <return>  for immediate help.
 ...                                              
                                                  
l.43 \end{titlepage}
                    
Your command was ignored.
Type  I <command> <return>  to replace it with another command,
or  <return>  to continue without it.

)
! Emergency stop.
<*> page_garde.tex
                  
*** (job aborted, no legal \end found)

 
Here is how much of TeX's memory you used:
 31 strings out of 494958
 395 string characters out of 6179213
 48190 words of memory out of 5000000
 3352 multiletter control sequences out of 15000+600000
 4954 words of font info for 18 fonts, out of 8000000 for 9000
 36 hyphenation exceptions out of 8191
 18i,2n,16p,118b,165s stack positions out of 5000i,500n,10000p,200000b,80000s
!  ==> Fatal error occurred, no output PDF file produced!
